*** Start analyzing build configuration ***
*** List of included argument files ***
    Build configuration file:  /home/student/rziobrowski/VDIC/.dvt/lab1.build
    -F /home/student/rziobrowski/VDIC/lab1/tb.f
*** Done analyzing build configuration [8 ms] ***

*** Start SystemVerilog build ***
*** Invocation #1***
Loading (1) /home/student/rziobrowski/VDIC/lab1/alu_tb.sv ...
Done /home/student/rziobrowski/VDIC/lab1/alu_tb.sv [20 ms, 2 lines, SystemVerilog_2012] ...
Loading (2) /home/student/rziobrowski/VDIC/lab1/mtm_Alu.vp ...
Done /home/student/rziobrowski/VDIC/lab1/mtm_Alu.vp [2 ms, 474 lines, SystemVerilog_2012] ...
*** Done invocation #1 [19 ms] ***
*** Done parsing [LT 2.0 ms, PT 19.0 ms] ***
*** Total number of lines [476] ***
Performing post full build actions ...
Performing post full build step 1 (SRI) [0 ms] ...
Performing post full build step 2 (RI) [1 ms] ...
Performing post full build step 3 (RCP) [0 ms] ...
*** Done SystemVerilog build [30 ms] ***

*** Start mixed mode extension build ***
Performing mixed post full build step 1 (Verilog - RI) [0 ms] ...
Performing mixed post full build step 2 (Verilog - RC) [0 ms] ...
Performing mixed post full build step 3 (Verilog - RPC) [0 ms] ...
Performing mixed post full build step 4 (Verilog - RD) [0 ms] ...
Performing mixed post full build step 5 (Verilog - FSC) [53 ms] ...
Performing mixed post full build step 6 (Verilog - EV) [52 ms] ...
Performing mixed post full build step 7 (Verilog - US) [52 ms] ...
*** Done mixed mode extension build [260 ms] ***
*** Start adding/validating the DVT Auto-Linked resources ***
*** Done adding/validating the DVT Auto-Linked resources [3 ms] ***
*** Total build time [300 ms] ***
