TOOL:	xrun	19.09-s003: Started on Oct 14, 2021 at 14:33:15 CEST
xrun
	-F tb.f
		-F ./dut.f
			tinyalu_dut/single_cycle_add_and_xor.vhd
			tinyalu_dut/three_cycle_mult.vhd
			tinyalu_dut/tinyalu.vhd
		tinyalu_tb.sv
	-v93
	+nowarnDSEM2009
	+nowarnDSEMEL
	+nowarnCGDEFN
	-xmlibdirname INCA_libs_gui
	+access+r
	+gui
	+overwrite
	-nocopyright
	-l xrun_gui.log

-------------------------------------
Relinquished control to SimVision...
xcelium> 
xcelium> source /cad/XCELIUM1909/tools/xcelium/files/xmsimrc
xcelium> database -open waves -into waves.shm -default
Created default SHM database waves
xcelium> probe -create -shm top.A top.B top.clk top.done top.op top.op_set top.reset_n top.result top.start top.test_result
Created probe 1
xcelium> run
Test PASSED.
Simulation complete via $finish(1) at time 4380 NS + 0
./tinyalu_tb.sv:145     $finish;
xcelium> 