TOOL:	xrun	19.09-s003: Started on Oct 15, 2021 at 22:34:21 CEST
xrun
	-elaborate
	-l xrun_elaborate.log
	-F tb.f
		alu_tb.sv
		mtm_Alu.vp
	-v93
	+nowarnDSEM2009
	+nowarnDSEMEL
	+nowarnCGDEFN
	-xmlibdirname INCA_libs_gui
	+access+r
	+gui
	+overwrite
	-nocopyright
		Caching library 'worklib' ....... Done
	Elaborating the design hierarchy:
	Top level design units:
		top
	Building instance overlay tables: .................... Done
	Generating native compiled code:
			streams:   7, words:  4287
			streams:   9, words: 28418
			streams:   7, words:  3741
		worklib.top:sv <0x6798e3db>
			streams:   6, words:  2843
	Building instance specific data structures.
	Loading native compiled code:     .................... Done
	Design hierarchy summary:
		                 Instances  Unique
		Modules:                 5       5
		Registers:              61      61
		Scalar wires:            7       -
		Vectored wires:          2       -
		Always blocks:          12      12
		Initial blocks:          3       3
		Pseudo assignments:      1       1
		Simulation timescale:  1ps
	Writing initial simulation snapshot: worklib.top:sv
TOOL:	xrun	19.09-s003: Exiting on Oct 15, 2021 at 22:34:21 CEST  (total: 00:00:00)
