TOOL:	xrun	19.09-s003: Started on Oct 16, 2021 at 16:14:47 CEST
xrun
	-F tb.f
		alu_tb.sv
		mtm_Alu.vp
	-v93
	+nowarnDSEM2009
	+nowarnDSEMEL
	+nowarnCGDEFN
	-xmlibdirname INCA_libs_gui
	+access+r
	+gui
	+overwrite
	-nocopyright
	-l xrun_gui.log
	-s
Recompiling... reason: file './alu_tb.sv' is newer than expected.
	expected: Sat Oct 16 16:07:14 2021
	actual:   Sat Oct 16 16:14:34 2021
file: ./alu_tb.sv
	module worklib.top:sv
		errors: 0, warnings: 0
		Caching library 'worklib' ....... Done
	Elaborating the design hierarchy:
	Top level design units:
		top
	Building instance overlay tables: .................... Done
	Generating native compiled code:
		worklib.top:sv <0x1cbebc7c>
			streams:   8, words: 16275
	Building instance specific data structures.
	Loading native compiled code:     .................... Done
	Design hierarchy summary:
		                 Instances  Unique
		Modules:                 5       5
		Registers:              78      78
		Scalar wires:            7       -
		Vectored wires:          2       -
		Always blocks:          12      12
		Initial blocks:          2       2
		Pseudo assignments:      1       1
		Simulation timescale:  1ps
	Writing initial simulation snapshot: worklib.top:sv
xcelium> 
xcelium> source /cad/XCELIUM1909/tools/xcelium/files/xmsimrc
xcelium> 
-------------------------------------
Relinquished control to SimVision...
# Restoring simulation environment...
xcelium> input -quiet .reinvoke.sim
xcelium> file delete .reinvoke.sim
xcelium> run
 4
data: 0, is_cmd=0
data: 0, is_cmd=0
data: 0, is_cmd=0
data: 38, is_cmd=0
data: 2, is_cmd=1
Simulation complete via $finish(1) at time 4360 NS + 0
./alu_tb.sv:114 		$finish;
xcelium> 