TOOL:	xrun	19.09-s003: Started on Oct 15, 2021 at 22:34:21 CEST
xrun
	-compile
	-l xrun_compile.log
	-F tb.f
		alu_tb.sv
		mtm_Alu.vp
	-v93
	+nowarnDSEM2009
	+nowarnDSEMEL
	+nowarnCGDEFN
	-xmlibdirname INCA_libs_gui
	+access+r
	+gui
	+overwrite
	-nocopyright
file: ./alu_tb.sv
	module worklib.top:sv
		errors: 0, warnings: 0
file: ./mtm_Alu.vp
	module worklib.mtm_Alu:vp
		errors: 0, warnings: 0
		errors: 0, warnings: 0
		errors: 0, warnings: 0
		errors: 0, warnings: 0
TOOL:	xrun	19.09-s003: Exiting on Oct 15, 2021 at 22:34:21 CEST  (total: 00:00:00)
